# JRE version: Java(TM) SE Runtime Environment (15.0.1+9) (build 15.0.1+9-18)
# Java VM: Java HotSpot(TM) 64-Bit Server VM (15.0.1+9-18, mixed mode, sharing, tiered, compressed oops, g1 gc, windows-amd64)
GC Precious Log:
 CPUs: 8 total, 8 available
 Memory: 65459M
 Large Page Support: Disabled
 NUMA Support: Disabled
 Compressed Oops: Enabled (Zero based)
 Heap Region Size: 8M
 Heap Min Capacity: 8M
 Heap Initial Capacity: 1G
 Heap Max Capacity: 16368M
 Pre-touch: Disabled
 Parallel Workers: 8
 Concurrent Workers: 2
 Concurrent Refinement Workers: 8
 Periodic GC: Disabled
Heap:
 garbage-first heap   total 1048576K, used 194834K [0x0000000401000000, 0x0000000800000000)
  region size 8192K, 25 young (204800K), 1 survivors (8192K)
 Metaspace       used 8277K, capacity 8454K, committed 8576K, reserved 1056768K
  class space    used 836K, capacity 894K, committed 896K, reserved 1048576K
GC Heap History (6 events):
Event: 7.755 GC heap before
{Heap before GC invocations=0 (full 0):
 garbage-first heap   total 1048576K, used 49152K [0x0000000401000000, 0x0000000800000000)
  region size 8192K, 6 young (49152K), 0 survivors (0K)
 Metaspace       used 8023K, capacity 8195K, committed 8320K, reserved 1056768K
  class space    used 832K, capacity 893K, committed 896K, reserved 1048576K
}
Event: 7.760 GC heap after
{Heap after GC invocations=1 (full 0):
 garbage-first heap   total 1048576K, used 6135K [0x0000000401000000, 0x0000000800000000)
  region size 8192K, 1 young (8192K), 1 survivors (8192K)
 Metaspace       used 8023K, capacity 8195K, committed 8320K, reserved 1056768K
  class space    used 832K, capacity 893K, committed 896K, reserved 1048576K
}
Event: 15.439 GC heap before
{Heap before GC invocations=1 (full 0):
 garbage-first heap   total 1048576K, used 47095K [0x0000000401000000, 0x0000000800000000)
  region size 8192K, 6 young (49152K), 1 survivors (8192K)
 Metaspace       used 8092K, capacity 8259K, committed 8320K, reserved 1056768K
  class space    used 833K, capacity 893K, committed 896K, reserved 1048576K
}
Event: 15.443 GC heap after
{Heap after GC invocations=2 (full 0):
 garbage-first heap   total 1048576K, used 6942K [0x0000000401000000, 0x0000000800000000)
  region size 8192K, 1 young (8192K), 1 survivors (8192K)
 Metaspace       used 8092K, capacity 8259K, committed 8320K, reserved 1056768K
  class space    used 833K, capacity 893K, committed 896K, reserved 1048576K
}
Event: 27.598 GC heap before
{Heap before GC invocations=2 (full 0):
 garbage-first heap   total 1048576K, used 80670K [0x0000000401000000, 0x0000000800000000)
  region size 8192K, 10 young (81920K), 1 survivors (8192K)
 Metaspace       used 8132K, capacity 8323K, committed 8576K, reserved 1056768K
  class space    used 833K, capacity 893K, committed 896K, reserved 1048576K
}
Event: 27.598 GC heap after
{Heap after GC invocations=3 (full 0):
 garbage-first heap   total 1048576K, used 6418K [0x0000000401000000, 0x0000000800000000)
  region size 8192K, 1 young (8192K), 1 survivors (8192K)
 Metaspace       used 8132K, capacity 8323K, committed 8576K, reserved 1056768K
  class space    used 833K, capacity 893K, committed 896K, reserved 1048576K
}

