# JRE version: Java(TM) SE Runtime Environment (15.0.1+9) (build 15.0.1+9-18)
# Java VM: Java HotSpot(TM) 64-Bit Server VM (15.0.1+9-18, mixed mode, sharing, tiered, compressed oops, g1 gc, windows-amd64)
GC Precious Log:
 CPUs: 8 total, 8 available
 Memory: 65459M
 Large Page Support: Disabled
 NUMA Support: Disabled
 Compressed Oops: Enabled (Zero based)
 Heap Region Size: 8M
 Heap Min Capacity: 8M
 Heap Initial Capacity: 1G
 Heap Max Capacity: 16368M
 Pre-touch: Disabled
 Parallel Workers: 8
 Concurrent Workers: 2
 Concurrent Refinement Workers: 8
 Periodic GC: Disabled
Heap:
 garbage-first heap   total 1048576K, used 137908K [0x00000002d6000000, 0x00000006d5000000)
  region size 8192K, 18 young (147456K), 1 survivors (8192K)
 Metaspace       used 8393K, capacity 8534K, committed 8576K, reserved 1056768K
  class space    used 838K, capacity 894K, committed 896K, reserved 1048576K
GC Heap History (6 events):
Event: 4.784 GC heap before
{Heap before GC invocations=0 (full 0):
 garbage-first heap   total 1048576K, used 49152K [0x00000002d6000000, 0x00000006d5000000)
  region size 8192K, 6 young (49152K), 0 survivors (0K)
 Metaspace       used 8100K, capacity 8275K, committed 8320K, reserved 1056768K
  class space    used 821K, capacity 893K, committed 896K, reserved 1048576K
}
Event: 4.789 GC heap after
{Heap after GC invocations=1 (full 0):
 garbage-first heap   total 1048576K, used 6509K [0x00000002d6000000, 0x00000006d5000000)
  region size 8192K, 1 young (8192K), 1 survivors (8192K)
 Metaspace       used 8100K, capacity 8275K, committed 8320K, reserved 1056768K
  class space    used 821K, capacity 893K, committed 896K, reserved 1048576K
}
Event: 6.252 GC heap before
{Heap before GC invocations=1 (full 0):
 garbage-first heap   total 1048576K, used 47469K [0x00000002d6000000, 0x00000006d5000000)
  region size 8192K, 6 young (49152K), 1 survivors (8192K)
 Metaspace       used 8103K, capacity 8275K, committed 8320K, reserved 1056768K
  class space    used 821K, capacity 893K, committed 896K, reserved 1048576K
}
Event: 6.256 GC heap after
{Heap after GC invocations=2 (full 0):
 garbage-first heap   total 1048576K, used 7428K [0x00000002d6000000, 0x00000006d5000000)
  region size 8192K, 1 young (8192K), 1 survivors (8192K)
 Metaspace       used 8103K, capacity 8275K, committed 8320K, reserved 1056768K
  class space    used 821K, capacity 893K, committed 896K, reserved 1048576K
}
Event: 8.587 GC heap before
{Heap before GC invocations=2 (full 0):
 garbage-first heap   total 1048576K, used 81156K [0x00000002d6000000, 0x00000006d5000000)
  region size 8192K, 10 young (81920K), 1 survivors (8192K)
 Metaspace       used 8174K, capacity 8342K, committed 8576K, reserved 1056768K
  class space    used 825K, capacity 894K, committed 896K, reserved 1048576K
}
Event: 8.588 GC heap after
{Heap after GC invocations=3 (full 0):
 garbage-first heap   total 1048576K, used 6836K [0x00000002d6000000, 0x00000006d5000000)
  region size 8192K, 1 young (8192K), 1 survivors (8192K)
 Metaspace       used 8174K, capacity 8342K, committed 8576K, reserved 1056768K
  class space    used 825K, capacity 894K, committed 896K, reserved 1048576K
}

